-------------------------------------------------------------------------------
Test set: com.nnk.springboot.CurvePointServiceTests
-------------------------------------------------------------------------------
Tests run: 4, Failures: 0, Errors: 1, Skipped: 0, Time elapsed: 0.048 s <<< FAILURE! - in com.nnk.springboot.CurvePointServiceTests
updateBidTest  Time elapsed: 0.034 s  <<< ERROR!
java.lang.NullPointerException
	at com.nnk.springboot.CurvePointServiceTests.updateBidTest(CurvePointServiceTests.java:101)

