-------------------------------------------------------------------------------
Test set: com.nnk.springboot.RatingServiceTests
-------------------------------------------------------------------------------
Tests run: 4, Failures: 0, Errors: 1, Skipped: 0, Time elapsed: 0.042 s <<< FAILURE! - in com.nnk.springboot.RatingServiceTests
updateRatingTest  Time elapsed: 0.002 s  <<< ERROR!
java.lang.NullPointerException
	at com.nnk.springboot.RatingServiceTests.updateRatingTest(RatingServiceTests.java:97)

