<?xml version="1.0" encoding="UTF-8"?>
<testsuite xmlns:xsi="http://www.w3.org/2001/XMLSchema-instance" xsi:noNamespaceSchemaLocation="https://maven.apache.org/surefire/maven-surefire-plugin/xsd/surefire-test-report.xsd" name="com.nnk.springboot.BidListServiceTest" time="0.478" tests="4" errors="1" skipped="0" failures="0">
  <properties>
[...]
</properties>
  <testcase name="updateBidTest" classname="com.nnk.springboot.BidListServiceTest" time="0.118">
    <error type="java.lang.NullPointerException">java.lang.NullPointerException
	at com.nnk.springboot.BidListServiceTest.updateBidTest(BidListServiceTest.java:106)
</error>
    <system-out><![CDATA[12:36:29,610 |-INFO in ch.qos.logback.classic.LoggerContext[default] - Could NOT find resource [logback-test.xml]
12:36:29,610 |-INFO in ch.qos.logback.classic.LoggerContext[default] - Found resource [logback.xml] at [file:/C:/dev/P7/JavaDA_PROJECT7_RESTAPI/Poseiden-skeleton/target/classes/logback.xml]
12:36:29,669 |-WARN in ch.qos.logback.core.joran.action.IncludeAction - Could not find resource corresponding to [org/springframework/boot/logging/logback/basic.xml]
12:36:29,669 |-INFO in ch.qos.logback.core.joran.action.AppenderAction - About to instantiate appender of type [ch.qos.logback.core.ConsoleAppender]
12:36:29,671 |-INFO in ch.qos.logback.core.joran.action.AppenderAction - Naming appender as [CONSOLE]
12:36:29,677 |-INFO in ch.qos.logback.core.joran.action.NestedComplexPropertyIA - Assuming default type [ch.qos.logback.classic.encoder.PatternLayoutEncoder] for [encoder] property
12:36:29,696 |-INFO in ch.qos.logback.core.joran.action.AppenderAction - About to instantiate appender of type [ch.qos.logback.core.rolling.RollingFileAppender]
12:36:29,699 |-INFO in ch.qos.logback.core.joran.action.AppenderAction - Naming appender as [LOGS]
12:36:29,703 |-INFO in c.q.l.core.rolling.TimeBasedRollingPolicy@644052207 - setting totalSizeCap to 100 MB
12:36:29,705 |-INFO in c.q.l.core.rolling.TimeBasedRollingPolicy@644052207 - No compression will be used
12:36:29,706 |-INFO in c.q.l.core.rolling.TimeBasedRollingPolicy@644052207 - Will use the pattern LOG_PATH_IS_UNDEFINED/archived/log_%d{dd-MM-yyyy}.log for the active file
12:36:29,708 |-INFO in c.q.l.core.rolling.DefaultTimeBasedFileNamingAndTriggeringPolicy - The date pattern is 'dd-MM-yyyy' from file name pattern 'LOG_PATH_IS_UNDEFINED/archived/log_%d{dd-MM-yyyy}.log'.
12:36:29,709 |-INFO in c.q.l.core.rolling.DefaultTimeBasedFileNamingAndTriggeringPolicy - Roll-over at midnight.
12:36:29,714 |-INFO in c.q.l.core.rolling.DefaultTimeBasedFileNamingAndTriggeringPolicy - Setting initial period to Fri Mar 11 11:54:00 CET 2022
12:36:29,716 |-INFO in ch.qos.logback.core.rolling.RollingFileAppender[LOGS] - Active log file name: LOG_PATH_IS_UNDEFINED/log.log
12:36:29,716 |-INFO in ch.qos.logback.core.rolling.RollingFileAppender[LOGS] - File property is set to [LOG_PATH_IS_UNDEFINED/log.log]
12:36:29,717 |-INFO in ch.qos.logback.classic.joran.action.RootLoggerAction - Setting level of ROOT logger to INFO
12:36:29,717 |-INFO in ch.qos.logback.core.joran.action.AppenderRefAction - Attaching appender named [CONSOLE] to Logger[ROOT]
12:36:29,717 |-INFO in ch.qos.logback.classic.joran.action.ConfigurationAction - End of configuration.
12:36:29,718 |-INFO in ch.qos.logback.classic.joran.JoranConfigurator@398dada8 - Registering current configuration as safe fallback point
12:36:29.797 [main] INFO  o.s.b.t.c.SpringBootTestContextBootstrapper - Neither @ContextConfiguration nor @ContextHierarchy found for test class [com.nnk.springboot.PasswordEncodeTest], using SpringBootContextLoader
12:36:29.802 [main] INFO  o.s.t.c.s.AbstractContextLoader - Could not detect default resource locations for test class [com.nnk.springboot.PasswordEncodeTest]: no resource found for suffixes {-context.xml, Context.groovy}.
12:36:29.803 [main] INFO  o.s.t.c.s.AnnotationConfigContextLoaderUtils - Could not detect default configuration classes for test class [com.nnk.springboot.PasswordEncodeTest]: PasswordEncodeTest does not declare any static, non-private, non-final, nested classes annotated with @Configuration.
12:36:29.890 [main] INFO  o.s.b.t.c.SpringBootTestContextBootstrapper - Found @SpringBootConfiguration com.nnk.springboot.Application for test class com.nnk.springboot.PasswordEncodeTest
12:36:29.971 [main] INFO  o.s.b.t.c.SpringBootTestContextBootstrapper - Loaded default TestExecutionListener class names from location [META-INF/spring.factories]: [org.springframework.boot.test.mock.mockito.MockitoTestExecutionListener, org.springframework.boot.test.mock.mockito.ResetMocksTestExecutionListener, org.springframework.boot.test.autoconfigure.restdocs.RestDocsTestExecutionListener, org.springframework.boot.test.autoconfigure.web.client.MockRestServiceServerResetTestExecutionListener, org.springframework.boot.test.autoconfigure.web.servlet.MockMvcPrintOnlyOnFailureTestExecutionListener, org.springframework.boot.test.autoconfigure.web.servlet.WebDriverTestExecutionListener, org.springframework.boot.test.autoconfigure.webservices.client.MockWebServiceServerTestExecutionListener, org.springframework.test.context.web.ServletTestExecutionListener, org.springframework.test.context.support.DirtiesContextBeforeModesTestExecutionListener, org.springframework.test.context.event.ApplicationEventsTestExecutionListener, org.springframework.test.context.support.DependencyInjectionTestExecutionListener, org.springframework.test.context.support.DirtiesContextTestExecutionListener, org.springframework.test.context.transaction.TransactionalTestExecutionListener, org.springframework.test.context.jdbc.SqlScriptsTestExecutionListener, org.springframework.test.context.event.EventPublishingTestExecutionListener]
12:36:29.990 [main] INFO  o.s.b.t.c.SpringBootTestContextBootstrapper - Using TestExecutionListeners: [org.springframework.test.context.web.ServletTestExecutionListener@66971f6b, org.springframework.test.context.support.DirtiesContextBeforeModesTestExecutionListener@50687efb, org.springframework.test.context.event.ApplicationEventsTestExecutionListener@517bd097, org.springframework.boot.test.mock.mockito.MockitoTestExecutionListener@142eef62, org.springframework.boot.test.autoconfigure.SpringBootDependencyInjectionTestExecutionListener@4a9cc6cb, org.springframework.test.context.support.DirtiesContextTestExecutionListener@5990e6c5, org.springframework.test.context.transaction.TransactionalTestExecutionListener@56e07a08, org.springframework.test.context.jdbc.SqlScriptsTestExecutionListener@35d6ca49, org.springframework.test.context.event.EventPublishingTestExecutionListener@1950e8a6, org.springframework.boot.test.mock.mockito.ResetMocksTestExecutionListener@47289387, org.springframework.boot.test.autoconfigure.restdocs.RestDocsTestExecutionListener@12cd9150, org.springframework.boot.test.autoconfigure.web.client.MockRestServiceServerResetTestExecutionListener@114a85c2, org.springframework.boot.test.autoconfigure.web.servlet.MockMvcPrintOnlyOnFailureTestExecutionListener@f415a95, org.springframework.boot.test.autoconfigure.web.servlet.WebDriverTestExecutionListener@cf65451, org.springframework.boot.test.autoconfigure.webservices.client.MockWebServiceServerTestExecutionListener@724f138e]
12:36:30.009 [main] INFO  o.s.b.t.c.SpringBootTestContextBootstrapper - Neither @ContextConfiguration nor @ContextHierarchy found for test class [com.nnk.springboot.RuleTests], using SpringBootContextLoader
12:36:30.009 [main] INFO  o.s.t.c.s.AbstractContextLoader - Could not detect default resource locations for test class [com.nnk.springboot.RuleTests]: no resource found for suffixes {-context.xml, Context.groovy}.
12:36:30.010 [main] INFO  o.s.t.c.s.AnnotationConfigContextLoaderUtils - Could not detect default configuration classes for test class [com.nnk.springboot.RuleTests]: RuleTests does not declare any static, non-private, non-final, nested classes annotated with @Configuration.
12:36:30.011 [main] INFO  o.s.b.t.c.SpringBootTestContextBootstrapper - Found @SpringBootConfiguration com.nnk.springboot.Application for test class com.nnk.springboot.RuleTests
12:36:30.013 [main] INFO  o.s.b.t.c.SpringBootTestContextBootstrapper - Loaded default TestExecutionListener class names from location [META-INF/spring.factories]: [org.springframework.boot.test.mock.mockito.MockitoTestExecutionListener, org.springframework.boot.test.mock.mockito.ResetMocksTestExecutionListener, org.springframework.boot.test.autoconfigure.restdocs.RestDocsTestExecutionListener, org.springframework.boot.test.autoconfigure.web.client.MockRestServiceServerResetTestExecutionListener, org.springframework.boot.test.autoconfigure.web.servlet.MockMvcPrintOnlyOnFailureTestExecutionListener, org.springframework.boot.test.autoconfigure.web.servlet.WebDriverTestExecutionListener, org.springframework.boot.test.autoconfigure.webservices.client.MockWebServiceServerTestExecutionListener, org.springframework.test.context.web.ServletTestExecutionListener, org.springframework.test.context.support.DirtiesContextBeforeModesTestExecutionListener, org.springframework.test.context.event.ApplicationEventsTestExecutionListener, org.springframework.test.context.support.DependencyInjectionTestExecutionListener, org.springframework.test.context.support.DirtiesContextTestExecutionListener, org.springframework.test.context.transaction.TransactionalTestExecutionListener, org.springframework.test.context.jdbc.SqlScriptsTestExecutionListener, org.springframework.test.context.event.EventPublishingTestExecutionListener]
12:36:30.013 [main] INFO  o.s.b.t.c.SpringBootTestContextBootstrapper - Using TestExecutionListeners: [org.springframework.test.context.web.ServletTestExecutionListener@7555b920, org.springframework.test.context.support.DirtiesContextBeforeModesTestExecutionListener@4152d38d, org.springframework.test.context.event.ApplicationEventsTestExecutionListener@3591009c, org.springframework.boot.test.mock.mockito.MockitoTestExecutionListener@5398edd0, org.springframework.boot.test.autoconfigure.SpringBootDependencyInjectionTestExecutionListener@b5cc23a, org.springframework.test.context.support.DirtiesContextTestExecutionListener@5cc5b667, org.springframework.test.context.transaction.TransactionalTestExecutionListener@61edc883, org.springframework.test.context.jdbc.SqlScriptsTestExecutionListener@758f4f03, org.springframework.test.context.event.EventPublishingTestExecutionListener@182f1e9a, org.springframework.boot.test.mock.mockito.ResetMocksTestExecutionListener@6928f576, org.springframework.boot.test.autoconfigure.restdocs.RestDocsTestExecutionListener@660e9100, org.springframework.boot.test.autoconfigure.web.client.MockRestServiceServerResetTestExecutionListener@69f63d95, org.springframework.boot.test.autoconfigure.web.servlet.MockMvcPrintOnlyOnFailureTestExecutionListener@9cd25ff, org.springframework.boot.test.autoconfigure.web.servlet.WebDriverTestExecutionListener@27e0f2f5, org.springframework.boot.test.autoconfigure.webservices.client.MockWebServiceServerTestExecutionListener@3574e198]
12:36:30.016 [main] INFO  o.s.b.t.c.SpringBootTestContextBootstrapper - Neither @ContextConfiguration nor @ContextHierarchy found for test class [com.nnk.springboot.TradeTests], using SpringBootContextLoader
12:36:30.017 [main] INFO  o.s.t.c.s.AbstractContextLoader - Could not detect default resource locations for test class [com.nnk.springboot.TradeTests]: no resource found for suffixes {-context.xml, Context.groovy}.
12:36:30.017 [main] INFO  o.s.t.c.s.AnnotationConfigContextLoaderUtils - Could not detect default configuration classes for test class [com.nnk.springboot.TradeTests]: TradeTests does not declare any static, non-private, non-final, nested classes annotated with @Configuration.
12:36:30.019 [main] INFO  o.s.b.t.c.SpringBootTestContextBootstrapper - Found @SpringBootConfiguration com.nnk.springboot.Application for test class com.nnk.springboot.TradeTests
12:36:30.021 [main] INFO  o.s.b.t.c.SpringBootTestContextBootstrapper - Loaded default TestExecutionListener class names from location [META-INF/spring.factories]: [org.springframework.boot.test.mock.mockito.MockitoTestExecutionListener, org.springframework.boot.test.mock.mockito.ResetMocksTestExecutionListener, org.springframework.boot.test.autoconfigure.restdocs.RestDocsTestExecutionListener, org.springframework.boot.test.autoconfigure.web.client.MockRestServiceServerResetTestExecutionListener, org.springframework.boot.test.autoconfigure.web.servlet.MockMvcPrintOnlyOnFailureTestExecutionListener, org.springframework.boot.test.autoconfigure.web.servlet.WebDriverTestExecutionListener, org.springframework.boot.test.autoconfigure.webservices.client.MockWebServiceServerTestExecutionListener, org.springframework.test.context.web.ServletTestExecutionListener, org.springframework.test.context.support.DirtiesContextBeforeModesTestExecutionListener, org.springframework.test.context.event.ApplicationEventsTestExecutionListener, org.springframework.test.context.support.DependencyInjectionTestExecutionListener, org.springframework.test.context.support.DirtiesContextTestExecutionListener, org.springframework.test.context.transaction.TransactionalTestExecutionListener, org.springframework.test.context.jdbc.SqlScriptsTestExecutionListener, org.springframework.test.context.event.EventPublishingTestExecutionListener]
12:36:30.021 [main] INFO  o.s.b.t.c.SpringBootTestContextBootstrapper - Using TestExecutionListeners: [org.springframework.test.context.web.ServletTestExecutionListener@4eeea57d, org.springframework.test.context.support.DirtiesContextBeforeModesTestExecutionListener@780ec4a5, org.springframework.test.context.event.ApplicationEventsTestExecutionListener@e24ddd0, org.springframework.boot.test.mock.mockito.MockitoTestExecutionListener@6f70f32f, org.springframework.boot.test.autoconfigure.SpringBootDependencyInjectionTestExecutionListener@548e76f1, org.springframework.test.context.support.DirtiesContextTestExecutionListener@5aabbb29, org.springframework.test.context.transaction.TransactionalTestExecutionListener@72c927f1, org.springframework.test.context.jdbc.SqlScriptsTestExecutionListener@1ac85b0c, org.springframework.test.context.event.EventPublishingTestExecutionListener@3dd69f5a, org.springframework.boot.test.mock.mockito.ResetMocksTestExecutionListener@3aa3193a, org.springframework.boot.test.autoconfigure.restdocs.RestDocsTestExecutionListener@1ee4730, org.springframework.boot.test.autoconfigure.web.client.MockRestServiceServerResetTestExecutionListener@59a67c3a, org.springframework.boot.test.autoconfigure.web.servlet.MockMvcPrintOnlyOnFailureTestExecutionListener@5003041b, org.springframework.boot.test.autoconfigure.web.servlet.WebDriverTestExecutionListener@724bade8, org.springframework.boot.test.autoconfigure.webservices.client.MockWebServiceServerTestExecutionListener@16fb356]
12:36:30.030 [main] INFO  o.s.b.t.c.SpringBootTestContextBootstrapper - Neither @ContextConfiguration nor @ContextHierarchy found for test class [com.nnk.springboot.PasswordEncodeTest], using SpringBootContextLoader
12:36:30.031 [main] INFO  o.s.t.c.s.AbstractContextLoader - Could not detect default resource locations for test class [com.nnk.springboot.PasswordEncodeTest]: no resource found for suffixes {-context.xml, Context.groovy}.
12:36:30.031 [main] INFO  o.s.t.c.s.AnnotationConfigContextLoaderUtils - Could not detect default configuration classes for test class [com.nnk.springboot.PasswordEncodeTest]: PasswordEncodeTest does not declare any static, non-private, non-final, nested classes annotated with @Configuration.
12:36:30.032 [main] INFO  o.s.b.t.c.SpringBootTestContextBootstrapper - Found @SpringBootConfiguration com.nnk.springboot.Application for test class com.nnk.springboot.PasswordEncodeTest
12:36:30.034 [main] INFO  o.s.b.t.c.SpringBootTestContextBootstrapper - Loaded default TestExecutionListener class names from location [META-INF/spring.factories]: [org.springframework.boot.test.mock.mockito.MockitoTestExecutionListener, org.springframework.boot.test.mock.mockito.ResetMocksTestExecutionListener, org.springframework.boot.test.autoconfigure.restdocs.RestDocsTestExecutionListener, org.springframework.boot.test.autoconfigure.web.client.MockRestServiceServerResetTestExecutionListener, org.springframework.boot.test.autoconfigure.web.servlet.MockMvcPrintOnlyOnFailureTestExecutionListener, org.springframework.boot.test.autoconfigure.web.servlet.WebDriverTestExecutionListener, org.springframework.boot.test.autoconfigure.webservices.client.MockWebServiceServerTestExecutionListener, org.springframework.test.context.web.ServletTestExecutionListener, org.springframework.test.context.support.DirtiesContextBeforeModesTestExecutionListener, org.springframework.test.context.event.ApplicationEventsTestExecutionListener, org.springframework.test.context.support.DependencyInjectionTestExecutionListener, org.springframework.test.context.support.DirtiesContextTestExecutionListener, org.springframework.test.context.transaction.TransactionalTestExecutionListener, org.springframework.test.context.jdbc.SqlScriptsTestExecutionListener, org.springframework.test.context.event.EventPublishingTestExecutionListener]
12:36:30.034 [main] INFO  o.s.b.t.c.SpringBootTestContextBootstrapper - Using TestExecutionListeners: [org.springframework.test.context.web.ServletTestExecutionListener@2e185cd7, org.springframework.test.context.support.DirtiesContextBeforeModesTestExecutionListener@7e1a1da6, org.springframework.test.context.event.ApplicationEventsTestExecutionListener@5f7f2382, org.springframework.boot.test.mock.mockito.MockitoTestExecutionListener@407cf41, org.springframework.boot.test.autoconfigure.SpringBootDependencyInjectionTestExecutionListener@6815c5f2, org.springframework.test.context.support.DirtiesContextTestExecutionListener@46cc127b, org.springframework.test.context.transaction.TransactionalTestExecutionListener@60094a13, org.springframework.test.context.jdbc.SqlScriptsTestExecutionListener@5aceec94, org.springframework.test.context.event.EventPublishingTestExecutionListener@1c32886a, org.springframework.boot.test.mock.mockito.ResetMocksTestExecutionListener@3a4b0e5d, org.springframework.boot.test.autoconfigure.restdocs.RestDocsTestExecutionListener@10b892d5, org.springframework.boot.test.autoconfigure.web.client.MockRestServiceServerResetTestExecutionListener@3d3f761a, org.springframework.boot.test.autoconfigure.web.servlet.MockMvcPrintOnlyOnFailureTestExecutionListener@3546d80f, org.springframework.boot.test.autoconfigure.web.servlet.WebDriverTestExecutionListener@579d011c, org.springframework.boot.test.autoconfigure.webservices.client.MockWebServiceServerTestExecutionListener@3670f00]
12:36:30.035 [main] INFO  o.s.b.t.c.SpringBootTestContextBootstrapper - Neither @ContextConfiguration nor @ContextHierarchy found for test class [com.nnk.springboot.RuleTests], using SpringBootContextLoader
12:36:30.036 [main] INFO  o.s.t.c.s.AbstractContextLoader - Could not detect default resource locations for test class [com.nnk.springboot.RuleTests]: no resource found for suffixes {-context.xml, Context.groovy}.
12:36:30.036 [main] INFO  o.s.t.c.s.AnnotationConfigContextLoaderUtils - Could not detect default configuration classes for test class [com.nnk.springboot.RuleTests]: RuleTests does not declare any static, non-private, non-final, nested classes annotated with @Configuration.
12:36:30.037 [main] INFO  o.s.b.t.c.SpringBootTestContextBootstrapper - Found @SpringBootConfiguration com.nnk.springboot.Application for test class com.nnk.springboot.RuleTests
12:36:30.038 [main] INFO  o.s.b.t.c.SpringBootTestContextBootstrapper - Loaded default TestExecutionListener class names from location [META-INF/spring.factories]: [org.springframework.boot.test.mock.mockito.MockitoTestExecutionListener, org.springframework.boot.test.mock.mockito.ResetMocksTestExecutionListener, org.springframework.boot.test.autoconfigure.restdocs.RestDocsTestExecutionListener, org.springframework.boot.test.autoconfigure.web.client.MockRestServiceServerResetTestExecutionListener, org.springframework.boot.test.autoconfigure.web.servlet.MockMvcPrintOnlyOnFailureTestExecutionListener, org.springframework.boot.test.autoconfigure.web.servlet.WebDriverTestExecutionListener, org.springframework.boot.test.autoconfigure.webservices.client.MockWebServiceServerTestExecutionListener, org.springframework.test.context.web.ServletTestExecutionListener, org.springframework.test.context.support.DirtiesContextBeforeModesTestExecutionListener, org.springframework.test.context.event.ApplicationEventsTestExecutionListener, org.springframework.test.context.support.DependencyInjectionTestExecutionListener, org.springframework.test.context.support.DirtiesContextTestExecutionListener, org.springframework.test.context.transaction.TransactionalTestExecutionListener, org.springframework.test.context.jdbc.SqlScriptsTestExecutionListener, org.springframework.test.context.event.EventPublishingTestExecutionListener]
12:36:30.039 [main] INFO  o.s.b.t.c.SpringBootTestContextBootstrapper - Using TestExecutionListeners: [org.springframework.test.context.web.ServletTestExecutionListener@46ab18da, org.springframework.test.context.support.DirtiesContextBeforeModesTestExecutionListener@790174f2, org.springframework.test.context.event.ApplicationEventsTestExecutionListener@42257bdd, org.springframework.boot.test.mock.mockito.MockitoTestExecutionListener@7689ddef, org.springframework.boot.test.autoconfigure.SpringBootDependencyInjectionTestExecutionListener@687a762c, org.springframework.test.context.support.DirtiesContextTestExecutionListener@1a2e2935, org.springframework.test.context.transaction.TransactionalTestExecutionListener@733c423e, org.springframework.test.context.jdbc.SqlScriptsTestExecutionListener@4b629f13, org.springframework.test.context.event.EventPublishingTestExecutionListener@70925b45, org.springframework.boot.test.mock.mockito.ResetMocksTestExecutionListener@1b9ea3e3, org.springframework.boot.test.autoconfigure.restdocs.RestDocsTestExecutionListener@aa22f1c, org.springframework.boot.test.autoconfigure.web.client.MockRestServiceServerResetTestExecutionListener@55e7a35c, org.springframework.boot.test.autoconfigure.web.servlet.MockMvcPrintOnlyOnFailureTestExecutionListener@37cd92d6, org.springframework.boot.test.autoconfigure.web.servlet.WebDriverTestExecutionListener@5922ae77, org.springframework.boot.test.autoconfigure.webservices.client.MockWebServiceServerTestExecutionListener@4263b080]
12:36:30.040 [main] INFO  o.s.b.t.c.SpringBootTestContextBootstrapper - Neither @ContextConfiguration nor @ContextHierarchy found for test class [com.nnk.springboot.TradeTests], using SpringBootContextLoader
12:36:30.040 [main] INFO  o.s.t.c.s.AbstractContextLoader - Could not detect default resource locations for test class [com.nnk.springboot.TradeTests]: no resource found for suffixes {-context.xml, Context.groovy}.
12:36:30.040 [main] INFO  o.s.t.c.s.AnnotationConfigContextLoaderUtils - Could not detect default configuration classes for test class [com.nnk.springboot.TradeTests]: TradeTests does not declare any static, non-private, non-final, nested classes annotated with @Configuration.
12:36:30.041 [main] INFO  o.s.b.t.c.SpringBootTestContextBootstrapper - Found @SpringBootConfiguration com.nnk.springboot.Application for test class com.nnk.springboot.TradeTests
12:36:30.043 [main] INFO  o.s.b.t.c.SpringBootTestContextBootstrapper - Loaded default TestExecutionListener class names from location [META-INF/spring.factories]: [org.springframework.boot.test.mock.mockito.MockitoTestExecutionListener, org.springframework.boot.test.mock.mockito.ResetMocksTestExecutionListener, org.springframework.boot.test.autoconfigure.restdocs.RestDocsTestExecutionListener, org.springframework.boot.test.autoconfigure.web.client.MockRestServiceServerResetTestExecutionListener, org.springframework.boot.test.autoconfigure.web.servlet.MockMvcPrintOnlyOnFailureTestExecutionListener, org.springframework.boot.test.autoconfigure.web.servlet.WebDriverTestExecutionListener, org.springframework.boot.test.autoconfigure.webservices.client.MockWebServiceServerTestExecutionListener, org.springframework.test.context.web.ServletTestExecutionListener, org.springframework.test.context.support.DirtiesContextBeforeModesTestExecutionListener, org.springframework.test.context.event.ApplicationEventsTestExecutionListener, org.springframework.test.context.support.DependencyInjectionTestExecutionListener, org.springframework.test.context.support.DirtiesContextTestExecutionListener, org.springframework.test.context.transaction.TransactionalTestExecutionListener, org.springframework.test.context.jdbc.SqlScriptsTestExecutionListener, org.springframework.test.context.event.EventPublishingTestExecutionListener]
12:36:30.043 [main] INFO  o.s.b.t.c.SpringBootTestContextBootstrapper - Using TestExecutionListeners: [org.springframework.test.context.web.ServletTestExecutionListener@71f67a79, org.springframework.test.context.support.DirtiesContextBeforeModesTestExecutionListener@3deb2326, org.springframework.test.context.event.ApplicationEventsTestExecutionListener@62d363ab, org.springframework.boot.test.mock.mockito.MockitoTestExecutionListener@7889a1ac, org.springframework.boot.test.autoconfigure.SpringBootDependencyInjectionTestExecutionListener@3aee3976, org.springframework.test.context.support.DirtiesContextTestExecutionListener@5ef8df1e, org.springframework.test.context.transaction.TransactionalTestExecutionListener@27cf3151, org.springframework.test.context.jdbc.SqlScriptsTestExecutionListener@127e70c5, org.springframework.test.context.event.EventPublishingTestExecutionListener@5910de75, org.springframework.boot.test.mock.mockito.ResetMocksTestExecutionListener@4108fa66, org.springframework.boot.test.autoconfigure.restdocs.RestDocsTestExecutionListener@1f130eaf, org.springframework.boot.test.autoconfigure.web.client.MockRestServiceServerResetTestExecutionListener@7e0aadd0, org.springframework.boot.test.autoconfigure.web.servlet.MockMvcPrintOnlyOnFailureTestExecutionListener@21362712, org.springframework.boot.test.autoconfigure.web.servlet.WebDriverTestExecutionListener@27eb3298, org.springframework.boot.test.autoconfigure.webservices.client.MockWebServiceServerTestExecutionListener@200a26bc]
]]></system-out>
  </testcase>
  <testcase name="deleteBidTest" classname="com.nnk.springboot.BidListServiceTest" time="0.011"/>
  <testcase name="findAllBidTest" classname="com.nnk.springboot.BidListServiceTest" time="0.002"/>
  <testcase name="saveBidTest" classname="com.nnk.springboot.BidListServiceTest" time="0.002"/>
</testsuite>