<?xml version="1.0" encoding="UTF-8"?>
<testsuite xmlns:xsi="http://www.w3.org/2001/XMLSchema-instance" xsi:noNamespaceSchemaLocation="https://maven.apache.org/surefire/maven-surefire-plugin/xsd/surefire-test-report.xsd" name="com.nnk.springboot.BidListServiceTest" time="0.481" tests="4" errors="1" skipped="0" failures="0">
  <properties>
[...]
</properties>
  <testcase name="updateBidTest" classname="com.nnk.springboot.BidListServiceTest" time="0.118">
    <error type="java.lang.NullPointerException">java.lang.NullPointerException
	at com.nnk.springboot.BidListServiceTest.updateBidTest(BidListServiceTest.java:106)
</error>
    <system-out><![CDATA[15:48:47,495 |-INFO in ch.qos.logback.classic.LoggerContext[default] - Could NOT find resource [logback-test.xml]
15:48:47,496 |-INFO in ch.qos.logback.classic.LoggerContext[default] - Found resource [logback.xml] at [file:/C:/dev/P7/JavaDA_PROJECT7_RESTAPI/Poseiden-skeleton/target/classes/logback.xml]
15:48:47,557 |-WARN in ch.qos.logback.core.joran.action.IncludeAction - Could not find resource corresponding to [org/springframework/boot/logging/logback/basic.xml]
15:48:47,557 |-INFO in ch.qos.logback.core.joran.action.AppenderAction - About to instantiate appender of type [ch.qos.logback.core.ConsoleAppender]
15:48:47,560 |-INFO in ch.qos.logback.core.joran.action.AppenderAction - Naming appender as [CONSOLE]
15:48:47,567 |-INFO in ch.qos.logback.core.joran.action.NestedComplexPropertyIA - Assuming default type [ch.qos.logback.classic.encoder.PatternLayoutEncoder] for [encoder] property
15:48:47,587 |-INFO in ch.qos.logback.core.joran.action.AppenderAction - About to instantiate appender of type [ch.qos.logback.core.rolling.RollingFileAppender]
15:48:47,590 |-INFO in ch.qos.logback.core.joran.action.AppenderAction - Naming appender as [LOGS]
15:48:47,594 |-INFO in c.q.l.core.rolling.TimeBasedRollingPolicy@644052207 - setting totalSizeCap to 100 MB
15:48:47,596 |-INFO in c.q.l.core.rolling.TimeBasedRollingPolicy@644052207 - No compression will be used
15:48:47,597 |-INFO in c.q.l.core.rolling.TimeBasedRollingPolicy@644052207 - Will use the pattern LOG_PATH_IS_UNDEFINED/archived/log_%d{dd-MM-yyyy}.log for the active file
15:48:47,600 |-INFO in c.q.l.core.rolling.DefaultTimeBasedFileNamingAndTriggeringPolicy - The date pattern is 'dd-MM-yyyy' from file name pattern 'LOG_PATH_IS_UNDEFINED/archived/log_%d{dd-MM-yyyy}.log'.
15:48:47,600 |-INFO in c.q.l.core.rolling.DefaultTimeBasedFileNamingAndTriggeringPolicy - Roll-over at midnight.
15:48:47,606 |-INFO in c.q.l.core.rolling.DefaultTimeBasedFileNamingAndTriggeringPolicy - Setting initial period to Fri Mar 11 11:54:00 CET 2022
15:48:47,608 |-INFO in ch.qos.logback.core.rolling.RollingFileAppender[LOGS] - Active log file name: LOG_PATH_IS_UNDEFINED/log.log
15:48:47,608 |-INFO in ch.qos.logback.core.rolling.RollingFileAppender[LOGS] - File property is set to [LOG_PATH_IS_UNDEFINED/log.log]
15:48:47,609 |-INFO in ch.qos.logback.classic.joran.action.RootLoggerAction - Setting level of ROOT logger to INFO
15:48:47,609 |-INFO in ch.qos.logback.core.joran.action.AppenderRefAction - Attaching appender named [CONSOLE] to Logger[ROOT]
15:48:47,609 |-INFO in ch.qos.logback.classic.joran.action.ConfigurationAction - End of configuration.
15:48:47,610 |-INFO in ch.qos.logback.classic.joran.JoranConfigurator@398dada8 - Registering current configuration as safe fallback point
15:48:47.693 [main] INFO  o.s.b.t.c.SpringBootTestContextBootstrapper - Neither @ContextConfiguration nor @ContextHierarchy found for test class [com.nnk.springboot.PasswordEncodeTest], using SpringBootContextLoader
15:48:47.699 [main] INFO  o.s.t.c.s.AbstractContextLoader - Could not detect default resource locations for test class [com.nnk.springboot.PasswordEncodeTest]: no resource found for suffixes {-context.xml, Context.groovy}.
15:48:47.700 [main] INFO  o.s.t.c.s.AnnotationConfigContextLoaderUtils - Could not detect default configuration classes for test class [com.nnk.springboot.PasswordEncodeTest]: PasswordEncodeTest does not declare any static, non-private, non-final, nested classes annotated with @Configuration.
15:48:47.787 [main] INFO  o.s.b.t.c.SpringBootTestContextBootstrapper - Found @SpringBootConfiguration com.nnk.springboot.Application for test class com.nnk.springboot.PasswordEncodeTest
15:48:47.869 [main] INFO  o.s.b.t.c.SpringBootTestContextBootstrapper - Loaded default TestExecutionListener class names from location [META-INF/spring.factories]: [org.springframework.boot.test.mock.mockito.MockitoTestExecutionListener, org.springframework.boot.test.mock.mockito.ResetMocksTestExecutionListener, org.springframework.boot.test.autoconfigure.restdocs.RestDocsTestExecutionListener, org.springframework.boot.test.autoconfigure.web.client.MockRestServiceServerResetTestExecutionListener, org.springframework.boot.test.autoconfigure.web.servlet.MockMvcPrintOnlyOnFailureTestExecutionListener, org.springframework.boot.test.autoconfigure.web.servlet.WebDriverTestExecutionListener, org.springframework.boot.test.autoconfigure.webservices.client.MockWebServiceServerTestExecutionListener, org.springframework.test.context.web.ServletTestExecutionListener, org.springframework.test.context.support.DirtiesContextBeforeModesTestExecutionListener, org.springframework.test.context.event.ApplicationEventsTestExecutionListener, org.springframework.test.context.support.DependencyInjectionTestExecutionListener, org.springframework.test.context.support.DirtiesContextTestExecutionListener, org.springframework.test.context.transaction.TransactionalTestExecutionListener, org.springframework.test.context.jdbc.SqlScriptsTestExecutionListener, org.springframework.test.context.event.EventPublishingTestExecutionListener]
15:48:47.888 [main] INFO  o.s.b.t.c.SpringBootTestContextBootstrapper - Using TestExecutionListeners: [org.springframework.test.context.web.ServletTestExecutionListener@66971f6b, org.springframework.test.context.support.DirtiesContextBeforeModesTestExecutionListener@50687efb, org.springframework.test.context.event.ApplicationEventsTestExecutionListener@517bd097, org.springframework.boot.test.mock.mockito.MockitoTestExecutionListener@142eef62, org.springframework.boot.test.autoconfigure.SpringBootDependencyInjectionTestExecutionListener@4a9cc6cb, org.springframework.test.context.support.DirtiesContextTestExecutionListener@5990e6c5, org.springframework.test.context.transaction.TransactionalTestExecutionListener@56e07a08, org.springframework.test.context.jdbc.SqlScriptsTestExecutionListener@35d6ca49, org.springframework.test.context.event.EventPublishingTestExecutionListener@1950e8a6, org.springframework.boot.test.mock.mockito.ResetMocksTestExecutionListener@47289387, org.springframework.boot.test.autoconfigure.restdocs.RestDocsTestExecutionListener@12cd9150, org.springframework.boot.test.autoconfigure.web.client.MockRestServiceServerResetTestExecutionListener@114a85c2, org.springframework.boot.test.autoconfigure.web.servlet.MockMvcPrintOnlyOnFailureTestExecutionListener@f415a95, org.springframework.boot.test.autoconfigure.web.servlet.WebDriverTestExecutionListener@cf65451, org.springframework.boot.test.autoconfigure.webservices.client.MockWebServiceServerTestExecutionListener@724f138e]
15:48:47.909 [main] INFO  o.s.b.t.c.SpringBootTestContextBootstrapper - Neither @ContextConfiguration nor @ContextHierarchy found for test class [com.nnk.springboot.RuleTests], using SpringBootContextLoader
15:48:47.910 [main] INFO  o.s.t.c.s.AbstractContextLoader - Could not detect default resource locations for test class [com.nnk.springboot.RuleTests]: no resource found for suffixes {-context.xml, Context.groovy}.
15:48:47.910 [main] INFO  o.s.t.c.s.AnnotationConfigContextLoaderUtils - Could not detect default configuration classes for test class [com.nnk.springboot.RuleTests]: RuleTests does not declare any static, non-private, non-final, nested classes annotated with @Configuration.
15:48:47.912 [main] INFO  o.s.b.t.c.SpringBootTestContextBootstrapper - Found @SpringBootConfiguration com.nnk.springboot.Application for test class com.nnk.springboot.RuleTests
15:48:47.913 [main] INFO  o.s.b.t.c.SpringBootTestContextBootstrapper - Loaded default TestExecutionListener class names from location [META-INF/spring.factories]: [org.springframework.boot.test.mock.mockito.MockitoTestExecutionListener, org.springframework.boot.test.mock.mockito.ResetMocksTestExecutionListener, org.springframework.boot.test.autoconfigure.restdocs.RestDocsTestExecutionListener, org.springframework.boot.test.autoconfigure.web.client.MockRestServiceServerResetTestExecutionListener, org.springframework.boot.test.autoconfigure.web.servlet.MockMvcPrintOnlyOnFailureTestExecutionListener, org.springframework.boot.test.autoconfigure.web.servlet.WebDriverTestExecutionListener, org.springframework.boot.test.autoconfigure.webservices.client.MockWebServiceServerTestExecutionListener, org.springframework.test.context.web.ServletTestExecutionListener, org.springframework.test.context.support.DirtiesContextBeforeModesTestExecutionListener, org.springframework.test.context.event.ApplicationEventsTestExecutionListener, org.springframework.test.context.support.DependencyInjectionTestExecutionListener, org.springframework.test.context.support.DirtiesContextTestExecutionListener, org.springframework.test.context.transaction.TransactionalTestExecutionListener, org.springframework.test.context.jdbc.SqlScriptsTestExecutionListener, org.springframework.test.context.event.EventPublishingTestExecutionListener]
15:48:47.914 [main] INFO  o.s.b.t.c.SpringBootTestContextBootstrapper - Using TestExecutionListeners: [org.springframework.test.context.web.ServletTestExecutionListener@b5cc23a, org.springframework.test.context.support.DirtiesContextBeforeModesTestExecutionListener@5cc5b667, org.springframework.test.context.event.ApplicationEventsTestExecutionListener@61edc883, org.springframework.boot.test.mock.mockito.MockitoTestExecutionListener@758f4f03, org.springframework.boot.test.autoconfigure.SpringBootDependencyInjectionTestExecutionListener@182f1e9a, org.springframework.test.context.support.DirtiesContextTestExecutionListener@6928f576, org.springframework.test.context.transaction.TransactionalTestExecutionListener@660e9100, org.springframework.test.context.jdbc.SqlScriptsTestExecutionListener@69f63d95, org.springframework.test.context.event.EventPublishingTestExecutionListener@9cd25ff, org.springframework.boot.test.mock.mockito.ResetMocksTestExecutionListener@27e0f2f5, org.springframework.boot.test.autoconfigure.restdocs.RestDocsTestExecutionListener@3574e198, org.springframework.boot.test.autoconfigure.web.client.MockRestServiceServerResetTestExecutionListener@6db66836, org.springframework.boot.test.autoconfigure.web.servlet.MockMvcPrintOnlyOnFailureTestExecutionListener@db44aa2, org.springframework.boot.test.autoconfigure.web.servlet.WebDriverTestExecutionListener@2de366bb, org.springframework.boot.test.autoconfigure.webservices.client.MockWebServiceServerTestExecutionListener@3f093abe]
15:48:47.917 [main] INFO  o.s.b.t.c.SpringBootTestContextBootstrapper - Neither @ContextConfiguration nor @ContextHierarchy found for test class [com.nnk.springboot.TradeTests], using SpringBootContextLoader
15:48:47.917 [main] INFO  o.s.t.c.s.AbstractContextLoader - Could not detect default resource locations for test class [com.nnk.springboot.TradeTests]: no resource found for suffixes {-context.xml, Context.groovy}.
15:48:47.917 [main] INFO  o.s.t.c.s.AnnotationConfigContextLoaderUtils - Could not detect default configuration classes for test class [com.nnk.springboot.TradeTests]: TradeTests does not declare any static, non-private, non-final, nested classes annotated with @Configuration.
15:48:47.919 [main] INFO  o.s.b.t.c.SpringBootTestContextBootstrapper - Found @SpringBootConfiguration com.nnk.springboot.Application for test class com.nnk.springboot.TradeTests
15:48:47.921 [main] INFO  o.s.b.t.c.SpringBootTestContextBootstrapper - Loaded default TestExecutionListener class names from location [META-INF/spring.factories]: [org.springframework.boot.test.mock.mockito.MockitoTestExecutionListener, org.springframework.boot.test.mock.mockito.ResetMocksTestExecutionListener, org.springframework.boot.test.autoconfigure.restdocs.RestDocsTestExecutionListener, org.springframework.boot.test.autoconfigure.web.client.MockRestServiceServerResetTestExecutionListener, org.springframework.boot.test.autoconfigure.web.servlet.MockMvcPrintOnlyOnFailureTestExecutionListener, org.springframework.boot.test.autoconfigure.web.servlet.WebDriverTestExecutionListener, org.springframework.boot.test.autoconfigure.webservices.client.MockWebServiceServerTestExecutionListener, org.springframework.test.context.web.ServletTestExecutionListener, org.springframework.test.context.support.DirtiesContextBeforeModesTestExecutionListener, org.springframework.test.context.event.ApplicationEventsTestExecutionListener, org.springframework.test.context.support.DependencyInjectionTestExecutionListener, org.springframework.test.context.support.DirtiesContextTestExecutionListener, org.springframework.test.context.transaction.TransactionalTestExecutionListener, org.springframework.test.context.jdbc.SqlScriptsTestExecutionListener, org.springframework.test.context.event.EventPublishingTestExecutionListener]
15:48:47.921 [main] INFO  o.s.b.t.c.SpringBootTestContextBootstrapper - Using TestExecutionListeners: [org.springframework.test.context.web.ServletTestExecutionListener@548e76f1, org.springframework.test.context.support.DirtiesContextBeforeModesTestExecutionListener@5aabbb29, org.springframework.test.context.event.ApplicationEventsTestExecutionListener@72c927f1, org.springframework.boot.test.mock.mockito.MockitoTestExecutionListener@1ac85b0c, org.springframework.boot.test.autoconfigure.SpringBootDependencyInjectionTestExecutionListener@3dd69f5a, org.springframework.test.context.support.DirtiesContextTestExecutionListener@3aa3193a, org.springframework.test.context.transaction.TransactionalTestExecutionListener@1ee4730, org.springframework.test.context.jdbc.SqlScriptsTestExecutionListener@59a67c3a, org.springframework.test.context.event.EventPublishingTestExecutionListener@5003041b, org.springframework.boot.test.mock.mockito.ResetMocksTestExecutionListener@724bade8, org.springframework.boot.test.autoconfigure.restdocs.RestDocsTestExecutionListener@16fb356, org.springframework.boot.test.autoconfigure.web.client.MockRestServiceServerResetTestExecutionListener@6bc248ed, org.springframework.boot.test.autoconfigure.web.servlet.MockMvcPrintOnlyOnFailureTestExecutionListener@23a9ba52, org.springframework.boot.test.autoconfigure.web.servlet.WebDriverTestExecutionListener@ca27722, org.springframework.boot.test.autoconfigure.webservices.client.MockWebServiceServerTestExecutionListener@70ab80e3]
15:48:47.929 [main] INFO  o.s.b.t.c.SpringBootTestContextBootstrapper - Neither @ContextConfiguration nor @ContextHierarchy found for test class [com.nnk.springboot.PasswordEncodeTest], using SpringBootContextLoader
15:48:47.929 [main] INFO  o.s.t.c.s.AbstractContextLoader - Could not detect default resource locations for test class [com.nnk.springboot.PasswordEncodeTest]: no resource found for suffixes {-context.xml, Context.groovy}.
15:48:47.930 [main] INFO  o.s.t.c.s.AnnotationConfigContextLoaderUtils - Could not detect default configuration classes for test class [com.nnk.springboot.PasswordEncodeTest]: PasswordEncodeTest does not declare any static, non-private, non-final, nested classes annotated with @Configuration.
15:48:47.931 [main] INFO  o.s.b.t.c.SpringBootTestContextBootstrapper - Found @SpringBootConfiguration com.nnk.springboot.Application for test class com.nnk.springboot.PasswordEncodeTest
15:48:47.933 [main] INFO  o.s.b.t.c.SpringBootTestContextBootstrapper - Loaded default TestExecutionListener class names from location [META-INF/spring.factories]: [org.springframework.boot.test.mock.mockito.MockitoTestExecutionListener, org.springframework.boot.test.mock.mockito.ResetMocksTestExecutionListener, org.springframework.boot.test.autoconfigure.restdocs.RestDocsTestExecutionListener, org.springframework.boot.test.autoconfigure.web.client.MockRestServiceServerResetTestExecutionListener, org.springframework.boot.test.autoconfigure.web.servlet.MockMvcPrintOnlyOnFailureTestExecutionListener, org.springframework.boot.test.autoconfigure.web.servlet.WebDriverTestExecutionListener, org.springframework.boot.test.autoconfigure.webservices.client.MockWebServiceServerTestExecutionListener, org.springframework.test.context.web.ServletTestExecutionListener, org.springframework.test.context.support.DirtiesContextBeforeModesTestExecutionListener, org.springframework.test.context.event.ApplicationEventsTestExecutionListener, org.springframework.test.context.support.DependencyInjectionTestExecutionListener, org.springframework.test.context.support.DirtiesContextTestExecutionListener, org.springframework.test.context.transaction.TransactionalTestExecutionListener, org.springframework.test.context.jdbc.SqlScriptsTestExecutionListener, org.springframework.test.context.event.EventPublishingTestExecutionListener]
15:48:47.933 [main] INFO  o.s.b.t.c.SpringBootTestContextBootstrapper - Using TestExecutionListeners: [org.springframework.test.context.web.ServletTestExecutionListener@6815c5f2, org.springframework.test.context.support.DirtiesContextBeforeModesTestExecutionListener@46cc127b, org.springframework.test.context.event.ApplicationEventsTestExecutionListener@60094a13, org.springframework.boot.test.mock.mockito.MockitoTestExecutionListener@5aceec94, org.springframework.boot.test.autoconfigure.SpringBootDependencyInjectionTestExecutionListener@1c32886a, org.springframework.test.context.support.DirtiesContextTestExecutionListener@3a4b0e5d, org.springframework.test.context.transaction.TransactionalTestExecutionListener@10b892d5, org.springframework.test.context.jdbc.SqlScriptsTestExecutionListener@3d3f761a, org.springframework.test.context.event.EventPublishingTestExecutionListener@3546d80f, org.springframework.boot.test.mock.mockito.ResetMocksTestExecutionListener@579d011c, org.springframework.boot.test.autoconfigure.restdocs.RestDocsTestExecutionListener@3670f00, org.springframework.boot.test.autoconfigure.web.client.MockRestServiceServerResetTestExecutionListener@452e26d0, org.springframework.boot.test.autoconfigure.web.servlet.MockMvcPrintOnlyOnFailureTestExecutionListener@46ab18da, org.springframework.boot.test.autoconfigure.web.servlet.WebDriverTestExecutionListener@790174f2, org.springframework.boot.test.autoconfigure.webservices.client.MockWebServiceServerTestExecutionListener@42257bdd]
15:48:47.935 [main] INFO  o.s.b.t.c.SpringBootTestContextBootstrapper - Neither @ContextConfiguration nor @ContextHierarchy found for test class [com.nnk.springboot.RuleTests], using SpringBootContextLoader
15:48:47.935 [main] INFO  o.s.t.c.s.AbstractContextLoader - Could not detect default resource locations for test class [com.nnk.springboot.RuleTests]: no resource found for suffixes {-context.xml, Context.groovy}.
15:48:47.936 [main] INFO  o.s.t.c.s.AnnotationConfigContextLoaderUtils - Could not detect default configuration classes for test class [com.nnk.springboot.RuleTests]: RuleTests does not declare any static, non-private, non-final, nested classes annotated with @Configuration.
15:48:47.937 [main] INFO  o.s.b.t.c.SpringBootTestContextBootstrapper - Found @SpringBootConfiguration com.nnk.springboot.Application for test class com.nnk.springboot.RuleTests
15:48:47.938 [main] INFO  o.s.b.t.c.SpringBootTestContextBootstrapper - Loaded default TestExecutionListener class names from location [META-INF/spring.factories]: [org.springframework.boot.test.mock.mockito.MockitoTestExecutionListener, org.springframework.boot.test.mock.mockito.ResetMocksTestExecutionListener, org.springframework.boot.test.autoconfigure.restdocs.RestDocsTestExecutionListener, org.springframework.boot.test.autoconfigure.web.client.MockRestServiceServerResetTestExecutionListener, org.springframework.boot.test.autoconfigure.web.servlet.MockMvcPrintOnlyOnFailureTestExecutionListener, org.springframework.boot.test.autoconfigure.web.servlet.WebDriverTestExecutionListener, org.springframework.boot.test.autoconfigure.webservices.client.MockWebServiceServerTestExecutionListener, org.springframework.test.context.web.ServletTestExecutionListener, org.springframework.test.context.support.DirtiesContextBeforeModesTestExecutionListener, org.springframework.test.context.event.ApplicationEventsTestExecutionListener, org.springframework.test.context.support.DependencyInjectionTestExecutionListener, org.springframework.test.context.support.DirtiesContextTestExecutionListener, org.springframework.test.context.transaction.TransactionalTestExecutionListener, org.springframework.test.context.jdbc.SqlScriptsTestExecutionListener, org.springframework.test.context.event.EventPublishingTestExecutionListener]
15:48:47.938 [main] INFO  o.s.b.t.c.SpringBootTestContextBootstrapper - Using TestExecutionListeners: [org.springframework.test.context.web.ServletTestExecutionListener@687a762c, org.springframework.test.context.support.DirtiesContextBeforeModesTestExecutionListener@1a2e2935, org.springframework.test.context.event.ApplicationEventsTestExecutionListener@733c423e, org.springframework.boot.test.mock.mockito.MockitoTestExecutionListener@4b629f13, org.springframework.boot.test.autoconfigure.SpringBootDependencyInjectionTestExecutionListener@70925b45, org.springframework.test.context.support.DirtiesContextTestExecutionListener@1b9ea3e3, org.springframework.test.context.transaction.TransactionalTestExecutionListener@aa22f1c, org.springframework.test.context.jdbc.SqlScriptsTestExecutionListener@55e7a35c, org.springframework.test.context.event.EventPublishingTestExecutionListener@37cd92d6, org.springframework.boot.test.mock.mockito.ResetMocksTestExecutionListener@5922ae77, org.springframework.boot.test.autoconfigure.restdocs.RestDocsTestExecutionListener@4263b080, org.springframework.boot.test.autoconfigure.web.client.MockRestServiceServerResetTestExecutionListener@2af616d3, org.springframework.boot.test.autoconfigure.web.servlet.MockMvcPrintOnlyOnFailureTestExecutionListener@71f67a79, org.springframework.boot.test.autoconfigure.web.servlet.WebDriverTestExecutionListener@3deb2326, org.springframework.boot.test.autoconfigure.webservices.client.MockWebServiceServerTestExecutionListener@62d363ab]
15:48:47.940 [main] INFO  o.s.b.t.c.SpringBootTestContextBootstrapper - Neither @ContextConfiguration nor @ContextHierarchy found for test class [com.nnk.springboot.TradeTests], using SpringBootContextLoader
15:48:47.940 [main] INFO  o.s.t.c.s.AbstractContextLoader - Could not detect default resource locations for test class [com.nnk.springboot.TradeTests]: no resource found for suffixes {-context.xml, Context.groovy}.
15:48:47.940 [main] INFO  o.s.t.c.s.AnnotationConfigContextLoaderUtils - Could not detect default configuration classes for test class [com.nnk.springboot.TradeTests]: TradeTests does not declare any static, non-private, non-final, nested classes annotated with @Configuration.
15:48:47.942 [main] INFO  o.s.b.t.c.SpringBootTestContextBootstrapper - Found @SpringBootConfiguration com.nnk.springboot.Application for test class com.nnk.springboot.TradeTests
15:48:47.943 [main] INFO  o.s.b.t.c.SpringBootTestContextBootstrapper - Loaded default TestExecutionListener class names from location [META-INF/spring.factories]: [org.springframework.boot.test.mock.mockito.MockitoTestExecutionListener, org.springframework.boot.test.mock.mockito.ResetMocksTestExecutionListener, org.springframework.boot.test.autoconfigure.restdocs.RestDocsTestExecutionListener, org.springframework.boot.test.autoconfigure.web.client.MockRestServiceServerResetTestExecutionListener, org.springframework.boot.test.autoconfigure.web.servlet.MockMvcPrintOnlyOnFailureTestExecutionListener, org.springframework.boot.test.autoconfigure.web.servlet.WebDriverTestExecutionListener, org.springframework.boot.test.autoconfigure.webservices.client.MockWebServiceServerTestExecutionListener, org.springframework.test.context.web.ServletTestExecutionListener, org.springframework.test.context.support.DirtiesContextBeforeModesTestExecutionListener, org.springframework.test.context.event.ApplicationEventsTestExecutionListener, org.springframework.test.context.support.DependencyInjectionTestExecutionListener, org.springframework.test.context.support.DirtiesContextTestExecutionListener, org.springframework.test.context.transaction.TransactionalTestExecutionListener, org.springframework.test.context.jdbc.SqlScriptsTestExecutionListener, org.springframework.test.context.event.EventPublishingTestExecutionListener]
15:48:47.943 [main] INFO  o.s.b.t.c.SpringBootTestContextBootstrapper - Using TestExecutionListeners: [org.springframework.test.context.web.ServletTestExecutionListener@3aee3976, org.springframework.test.context.support.DirtiesContextBeforeModesTestExecutionListener@5ef8df1e, org.springframework.test.context.event.ApplicationEventsTestExecutionListener@27cf3151, org.springframework.boot.test.mock.mockito.MockitoTestExecutionListener@127e70c5, org.springframework.boot.test.autoconfigure.SpringBootDependencyInjectionTestExecutionListener@5910de75, org.springframework.test.context.support.DirtiesContextTestExecutionListener@4108fa66, org.springframework.test.context.transaction.TransactionalTestExecutionListener@1f130eaf, org.springframework.test.context.jdbc.SqlScriptsTestExecutionListener@7e0aadd0, org.springframework.test.context.event.EventPublishingTestExecutionListener@21362712, org.springframework.boot.test.mock.mockito.ResetMocksTestExecutionListener@27eb3298, org.springframework.boot.test.autoconfigure.restdocs.RestDocsTestExecutionListener@200a26bc, org.springframework.boot.test.autoconfigure.web.client.MockRestServiceServerResetTestExecutionListener@bc57b40, org.springframework.boot.test.autoconfigure.web.servlet.MockMvcPrintOnlyOnFailureTestExecutionListener@1b5bc39d, org.springframework.boot.test.autoconfigure.web.servlet.WebDriverTestExecutionListener@655a5d9c, org.springframework.boot.test.autoconfigure.webservices.client.MockWebServiceServerTestExecutionListener@1494b84d]
]]></system-out>
  </testcase>
  <testcase name="deleteBidTest" classname="com.nnk.springboot.BidListServiceTest" time="0.01"/>
  <testcase name="findAllBidTest" classname="com.nnk.springboot.BidListServiceTest" time="0.003"/>
  <testcase name="saveBidTest" classname="com.nnk.springboot.BidListServiceTest" time="0.004"/>
</testsuite>